{"name": "test_create_booking_tc2", "status": "failed", "statusDetails": {"message": "AssertionError: Expected HTTPS Status is : 200", "trace": "self = <tests.integration_test.test_create_booking.TestCreateBooking object at 0x000001E8B7AE0740>\n\n    @pytest.mark.negative\n    def test_create_booking_tc2(self):\n        response = post_request(url=create_booking_url(), auth=None,\n                                headers=common_headers_json(), payload=None, in_json=False)\n>       verify_https_status_code(response, 200)\n\ntests\\integration_test\\test_create_booking.py:22: \n_ _ _ _ _ _ _ _ _ _ _ _ _ _ _ _ _ _ _ _ _ _ _ _ _ _ _ _ _ _ \n\nresponse = <Response [400]>, expected_status = 200\n\n    def verify_https_status_code(response, expected_status):\n>       assert response.status_code == expected_status, f\"Expected HTTPS Status is : {expected_status}\"\nE       AssertionError: Expected HTTPS Status is : 200\n\nsrc\\helpers\\common_verification.py:4: AssertionError"}, "start": 1702403786753, "stop": 1702403787977, "uuid": "8224a4fd-f038-42ef-8656-f256f33d76ad", "historyId": "35c8512365cdcbb588f01a54b64d97b3", "testCaseId": "35c8512365cdcbb588f01a54b64d97b3", "fullName": "tests.integration_test.test_create_booking.TestCreateBooking#test_create_booking_tc2", "labels": [{"name": "tag", "value": "negative"}, {"name": "parentSuite", "value": "tests.integration_test"}, {"name": "suite", "value": "test_create_booking"}, {"name": "subSuite", "value": "TestCreateBooking"}, {"name": "host", "value": "Sikhin_PC"}, {"name": "thread", "value": "22112-MainThread"}, {"name": "framework", "value": "pytest"}, {"name": "language", "value": "cpython3"}, {"name": "package", "value": "tests.integration_test.test_create_booking"}]}